<?xml version="1.0" encoding="UTF-8"?>
<!-- Generated by org.testng.reporters.JUnitReportReporter -->
<testsuite hostname="DESKTOP-MB5MFQ9" name="Automation.MHomePage" tests="1" failures="0" timestamp="10 Sep 2021 16:59:05 GMT" time="11.436" errors="0">
  <testcase name="pagesNavigation" time="11.436" classname="Automation.MHomePage"/>
</testsuite> <!-- Automation.MHomePage -->
