<?xml version="1.0" encoding="UTF-8"?>
<!-- Generated by org.testng.reporters.JUnitReportReporter -->
<testsuite hostname="DESKTOP-MB5MFQ9" name="Automation.validateRadionCheckbox" tests="3" failures="0" timestamp="10 Sep 2021 16:59:05 GMT" time="0.781" errors="0">
  <testcase name="validateTravelDropDown" time="0.157" classname="Automation.validateRadionCheckbox"/>
  <testcase name="validateCheckBox" time="0.400" classname="Automation.validateRadionCheckbox"/>
  <testcase name="validateRadiobutton" time="0.224" classname="Automation.validateRadionCheckbox"/>
</testsuite> <!-- Automation.validateRadionCheckbox -->
