<?xml version="1.0" encoding="UTF-8"?>
<!-- Generated by org.testng.reporters.JUnitReportReporter -->
<testsuite hostname="DESKTOP-MB5MFQ9" name="cucumberOptions.RuncucumberTest" tests="1" failures="0" timestamp="11 Sep 2021 02:18:32 GMT" time="0.014" errors="0">
  <testcase name="feature" time="0.014" classname="cucumberOptions.RuncucumberTest"/>
</testsuite> <!-- cucumberOptions.RuncucumberTest -->
