<?xml version="1.0" encoding="UTF-8"?>
<!-- Generated by org.testng.reporters.JUnitReportReporter -->
<testsuite hostname="DESKTOP-MB5MFQ9" name="cucumberOptions.TestRunner" tests="1" failures="0" timestamp="13 Sep 2021 05:30:00 GMT" time="0.024" errors="0">
  <testcase name="feature" time="0.024" classname="cucumberOptions.TestRunner"/>
</testsuite> <!-- cucumberOptions.TestRunner -->
