<?xml version="1.0" encoding="UTF-8"?>
<!-- Generated by org.testng.reporters.JUnitReportReporter -->
<testsuite hostname="DESKTOP-MB5MFQ9" name="Automation.OrangeHRM" tests="1" failures="0" timestamp="5 Sep 2021 06:31:29 GMT" time="0.019" errors="0">
  <testcase name="LoginPanel" time="0.019" classname="Automation.OrangeHRM"/>
</testsuite> <!-- Automation.OrangeHRM -->
